Start testing: Mar 16 21:07 MSK
----------------------------------------------------------
2/2 Testing: wg_radius_phase1_integration
2/2 Test: wg_radius_phase1_integration
Command: "/home/visage/Рабочий стол/WG_radius/tests/integration/phase1_real_wg_smoke.sh" "/home/visage/Рабочий стол/WG_radius/build/wg_native_smoke" "/home/visage/Рабочий стол/WG_radius/build/wg_radiusd" "/home/visage/Рабочий стол/WG_radius"
Directory: /home/visage/Рабочий стол/WG_radius/build
"wg_radius_phase1_integration" start time: Mar 16 21:07 MSK
Output:
----------------------------------------------------------
[sudo] пароль для visage: interface: wg-it0
peers: 1
- peer: XnEJsAs5pRlBisSzvECtvn9eixi3PxTpOwp3Hpf52Tg=
  endpoint: <none>
  handshake: 0
  rx: 0
  tx: 0
  allowed_ips: 10.20.0.2/32
[sudo] пароль для visage: profile wg-it interface=wg-it0 auth=127.0.0.1:1812 poll_interval_ms=1000
profile wg-it poll_status=0 auth_submitted=0 auth_results=0 executed=0
[sudo] пароль для visage: peer removed via executor
[sudo] пароль для visage: phase1 real WireGuard integration smoke passed
<end of output>
Test time =   0.33 sec
----------------------------------------------------------
Test Passed.
"wg_radius_phase1_integration" end time: Mar 16 21:07 MSK
"wg_radius_phase1_integration" time elapsed: 00:00:00
----------------------------------------------------------

End testing: Mar 16 21:07 MSK

integration =   0.33 sec*proc

phase1 =   0.33 sec*proc

wireguard =   0.33 sec*proc

